0 info it worked if it ends with ok
1 verbose cli [ '/usr/local/bin/node', '/usr/local/bin/npm', 'run', 'tsc:w' ]
2 info using npm@3.3.6
3 info using node@v4.1.2
4 verbose run-script [ 'pretsc:w', 'tsc:w', 'posttsc:w' ]
5 info lifecycle bpAngular2@1.0.0~pretsc:w: bpAngular2@1.0.0
6 silly lifecycle bpAngular2@1.0.0~pretsc:w: no script for pretsc:w, continuing
7 info lifecycle bpAngular2@1.0.0~tsc:w: bpAngular2@1.0.0
8 verbose lifecycle bpAngular2@1.0.0~tsc:w: unsafe-perm in lifecycle true
9 verbose lifecycle bpAngular2@1.0.0~tsc:w: PATH: /usr/local/lib/node_modules/npm/bin/node-gyp-bin:/Users/mostafa/Documents/projects/bpAngular2/node_modules/.bin:/usr/local/lib/node_modules/npm/bin/node-gyp-bin:/Users/mostafa/Documents/projects/bpAngular2/node_modules/.bin:/usr/local/bin:/usr/bin:/bin:/usr/sbin:/sbin:~/.composer/vendor/bin:192.168.10.10 sitecatalog.dev:/usr/local/git/bin
10 verbose lifecycle bpAngular2@1.0.0~tsc:w: CWD: /Users/mostafa/Documents/projects/bpAngular2
11 silly lifecycle bpAngular2@1.0.0~tsc:w: Args: [ '-c', 'tsc -w' ]
12 silly lifecycle bpAngular2@1.0.0~tsc:w: Returned: code: 1  signal: null
13 info lifecycle bpAngular2@1.0.0~tsc:w: Failed to exec tsc:w script
14 verbose stack Error: bpAngular2@1.0.0 tsc:w: `tsc -w`
14 verbose stack Exit status 1
14 verbose stack     at EventEmitter.<anonymous> (/usr/local/lib/node_modules/npm/lib/utils/lifecycle.js:233:16)
14 verbose stack     at emitTwo (events.js:87:13)
14 verbose stack     at EventEmitter.emit (events.js:172:7)
14 verbose stack     at ChildProcess.<anonymous> (/usr/local/lib/node_modules/npm/lib/utils/spawn.js:24:14)
14 verbose stack     at emitTwo (events.js:87:13)
14 verbose stack     at ChildProcess.emit (events.js:172:7)
14 verbose stack     at maybeClose (internal/child_process.js:818:16)
14 verbose stack     at Process.ChildProcess._handle.onexit (internal/child_process.js:211:5)
15 verbose pkgid bpAngular2@1.0.0
16 verbose cwd /Users/mostafa/Documents/projects/bpAngular2
17 error Darwin 14.4.0
18 error argv "/usr/local/bin/node" "/usr/local/bin/npm" "run" "tsc:w"
19 error node v4.1.2
20 error npm  v3.3.6
21 error code ELIFECYCLE
22 error bpAngular2@1.0.0 tsc:w: `tsc -w`
22 error Exit status 1
23 error Failed at the bpAngular2@1.0.0 tsc:w script 'tsc -w'.
23 error This is most likely a problem with the bpAngular2 package,
23 error not with npm itself.
23 error Tell the author that this fails on your system:
23 error     tsc -w
23 error You can get their info via:
23 error     npm owner ls bpAngular2
23 error There is likely additional logging output above.
24 verbose exit [ 1, true ]
